\BOOKMARK [1][-]{section.1}{\376\377\000C\000o\000o\000r\000d\000i\000n\000a\000t\000e\000\040\000S\000y\000s\000t\000e\000m\000s\000\040\000a\000n\000d\000\040\000P\000o\000l\000a\000r\000\040\000F\000u\000n\000c\000t\000i\000o\000n\000s}{}% 1
\BOOKMARK [2][-]{subsection.1.1}{\376\377\000R\000e\000c\000t\000a\000n\000g\000u\000l\000a\000r\000\040\000C\000o\000o\000r\000d\000i\000n\000a\000t\000e\000s}{section.1}% 2
\BOOKMARK [2][-]{subsection.1.2}{\376\377\000P\000o\000l\000a\000r\000\040\000C\000o\000o\000r\000d\000i\000n\000a\000t\000e\000s}{section.1}% 3
\BOOKMARK [2][-]{subsection.1.3}{\376\377\000T\000r\000a\000n\000s\000f\000o\000r\000m\000a\000t\000i\000o\000n\000s}{section.1}% 4
\BOOKMARK [2][-]{subsection.1.4}{\376\377\000P\000o\000l\000a\000r\000\040\000G\000r\000a\000p\000h\000s}{section.1}% 5
\BOOKMARK [2][-]{subsection.1.5}{\376\377\000D\000i\000f\000f\000e\000r\000e\000n\000t\000i\000a\000t\000i\000n\000g\000\040\000P\000o\000l\000a\000r\000\040\000F\000u\000n\000c\000t\000i\000o\000n\000s}{section.1}% 6
\BOOKMARK [3][-]{subsubsection.1.5.1}{\376\377\000C\000h\000a\000i\000n\000\040\000R\000u\000l\000e}{subsection.1.5}% 7
\BOOKMARK [3][-]{subsubsection.1.5.2}{\376\377\000P\000o\000l\000a\000r\000\040\000D\000e\000r\000i\000v\000a\000t\000i\000v\000e\000s}{subsection.1.5}% 8
\BOOKMARK [2][-]{subsection.1.6}{\376\377\000A\000r\000c\000\040\000L\000e\000n\000g\000t\000h\000s}{section.1}% 9
\BOOKMARK [3][-]{subsubsection.1.6.1}{\376\377\000R\000e\000v\000i\000e\000w}{subsection.1.6}% 10
\BOOKMARK [3][-]{subsubsection.1.6.2}{\376\377\000P\000o\000l\000a\000r\000\040\000A\000r\000c\000\040\000L\000e\000n\000g\000t\000h}{subsection.1.6}% 11
\BOOKMARK [2][-]{subsection.1.7}{\376\377\000P\000o\000l\000a\000r\000\040\000A\000r\000e\000a}{section.1}% 12
\BOOKMARK [1][-]{section.2}{\376\377\000V\000e\000c\000t\000o\000r\000s}{}% 13
\BOOKMARK [2][-]{subsection.2.1}{\376\377\000F\000u\000n\000d\000a\000m\000e\000n\000t\000a\000l\000s}{section.2}% 14
\BOOKMARK [2][-]{subsection.2.2}{\376\377\000N\000o\000r\000m\000s}{section.2}% 15
\BOOKMARK [2][-]{subsection.2.3}{\376\377\000D\000o\000t\000\040\000P\000r\000o\000d\000u\000c\000t}{section.2}% 16
\BOOKMARK [3][-]{subsubsection.2.3.1}{\376\377\000A\000n\000g\000l\000e\000s\000\040\000i\000n\000\040\000t\000h\000e\000\040\000D\000o\000t\000\040\000P\000r\000o\000d\000u\000c\000t}{subsection.2.3}% 17
\BOOKMARK [3][-]{subsubsection.2.3.2}{\376\377\000P\000r\000o\000j\000e\000c\000t\000i\000o\000n\000s}{subsection.2.3}% 18
\BOOKMARK [2][-]{subsection.2.4}{\376\377\000T\000h\000r\000e\000e\000\040\000D\000i\000m\000e\000n\000s\000i\000o\000n\000s}{section.2}% 19
\BOOKMARK [3][-]{subsubsection.2.4.1}{\376\377\000S\000e\000t\000\040\000N\000o\000t\000a\000t\000i\000o\000n}{subsection.2.4}% 20
\BOOKMARK [2][-]{subsection.2.5}{\376\377\000C\000r\000o\000s\000s\000\040\000P\000r\000o\000d\000u\000c\000t}{section.2}% 21
\BOOKMARK [3][-]{subsubsection.2.5.1}{\376\377\000P\000r\000o\000p\000e\000r\000t\000i\000e\000s}{subsection.2.5}% 22
\BOOKMARK [2][-]{subsection.2.6}{\376\377\000M\000a\000t\000r\000i\000c\000e\000s}{section.2}% 23
\BOOKMARK [3][-]{subsubsection.2.6.1}{\376\377\0002\000\040\000\040\0002}{subsection.2.6}% 24
\BOOKMARK [3][-]{subsubsection.2.6.2}{\376\377\0003\000\040\000\040\0003}{subsection.2.6}% 25
\BOOKMARK [3][-]{subsubsection.2.6.3}{\376\377\000C\000a\000l\000c\000u\000l\000a\000t\000i\000n\000g\000\040\000t\000h\000e\000\040\000C\000r\000o\000s\000s\000\040\000P\000r\000o\000d\000u\000c\000t\000\040\000W\000i\000t\000h\000\040\000M\000a\000t\000r\000i\000c\000e\000s}{subsection.2.6}% 26
\BOOKMARK [1][-]{section.3}{\376\377\000P\000a\000r\000a\000m\000e\000t\000r\000i\000c\000\040\000E\000q\000u\000a\000t\000i\000o\000n\000s}{}% 27
\BOOKMARK [2][-]{subsection.3.1}{\376\377\000I\000n\000t\000r\000o\000d\000u\000c\000t\000i\000o\000n}{section.3}% 28
\BOOKMARK [2][-]{subsection.3.2}{\376\377\000S\000o\000m\000e\000\040\000n\000o\000t\000a\000t\000i\000o\000n\000\040\000t\000h\000i\000n\000g\000s}{section.3}% 29
\BOOKMARK [3][-]{subsubsection.3.2.1}{\376\377\000C\000r\000o\000s\000s\000i\000n\000g\000\040\000S\000e\000t\000s}{subsection.3.2}% 30
\BOOKMARK [2][-]{subsection.3.3}{\376\377\000L\000i\000n\000e\000s\000\040\000i\000n\000\040\0003\000\040\000D\000i\000m\000e\000n\000s\000i\000o\000n\000s}{section.3}% 31
